<?xml version="1.0" encoding="UTF-8"?>
<!-- Generated by org.testng.reporters.JUnitReportReporter -->
<testsuite hostname="SRIKANTH" failures="0" tests="2" name="Topics.TestNG_Script" time="96.779" errors="0" timestamp="2024-05-30T22:55:48 IST" skipped="0">
  <testcase classname="Topics.TestNG_Script" name="execute" time="67.029"/>
  <testcase classname="Topics.TestNG_Script" name="clickOnLink" time="29.750"/>
</testsuite> <!-- Topics.TestNG_Script -->
